<?xml version="1.0" encoding="UTF-8"?>
<testng-results total="1" passed="1" failed="0" skipped="0">
  <reporter-output>
  </reporter-output>
  <suite started-at="2021-02-05T15:29:27Z" name="Default suite" finished-at="2021-02-05T15:29:41Z" duration-ms="14288">
    <groups>
    </groups>
    <test started-at="2021-02-05T15:29:27Z" name="Default test" finished-at="2021-02-05T15:29:41Z" duration-ms="14288">
      <class name="com.automationpractice.tests.ExcelOrangeHrm">
        <test-method is-config="true" signature="beforeMethod()[pri:0, instance:com.automationpractice.tests.ExcelOrangeHrm@4e7095ac]" started-at="2021-02-05T10:29:27Z" name="beforeMethod" finished-at="2021-02-05T10:29:30Z" duration-ms="2623" status="PASS">
          <reporter-output>
          </reporter-output>
        </test-method> <!-- beforeMethod -->
        <test-method signature="test1()[pri:0, instance:com.automationpractice.tests.ExcelOrangeHrm@4e7095ac]" started-at="2021-02-05T10:29:30Z" name="test1" finished-at="2021-02-05T10:29:41Z" duration-ms="11573" status="PASS">
          <reporter-output>
          </reporter-output>
        </test-method> <!-- test1 -->
      </class> <!-- com.automationpractice.tests.ExcelOrangeHrm -->
    </test> <!-- Default test -->
  </suite> <!-- Default suite -->
</testng-results>
